(---------------------------------------------------------------------)
(                                                                     )
(    ARTWORK LOG                                                      )
(                                                                     )
(    Drawing          : BVNCB.brd                                     )
(    Software Version : 17.2S038                                      )
(    Date/Time        : Thu Jul 11 11:35:49 2019                      )
(                                                                     )
(---------------------------------------------------------------------)



 ******************************************
 WARNING: DRC OUT OF DATE on this layout.
 ******************************************

 ---- Photoplot outline rectangle not found; using drawing extents.




 Can't open parameter file ... using default values:
     DEVICE-TYPE        GERBER6X00
     G-CODES            NO
     STATIONS-PER-WHEEL 24
     FILM-SIZE          24000 16000
     COORDINATES        ABSOLUTE
     OUTPUT-UNITS       INCHES
     FORMAT             5.3
     ABORT-ON-ERROR     abort film & continue
     SUPPRESS-LEAD-ZEROES     YES
     SUPPRESS-TRAIL-ZEROES    NO
     OPTIMIZE           YES
     SUPPRESS-EQUAL     YES
     SCALE              1.0



 WARNING: Generating english output data from a metric database
 may cause slight roundoff error of coordinates in output file.




================================================================
     PROCESSING FILM < TOP >
     TO FILE < C:/Users/user/Desktop/EXEX/allegro/TOP.art > ...
================================================================

  FILM PARAMETERS :
  ---------------------------------------------------------
  Undefined line width                0.000
  Mirror code                         NONE
  Rotate angle                        NONE
  Offset x:                           0.000
  Offset y:                           0.000
  Plot negative                       NO
  Suppress unconnected internal pads  NO
  Draw holes only                     NO



  APERTURES USED (UNIT = IN):
  ---------------------------------------------------------
  TYPE       SIZE/NAME                   ROT   MIRROR MODE 
  ---------------------------------------------------------
  CIRCLE     0.01000                                  DARK 
  CIRCLE     0.01213                                  DARK 
  CIRCLE     0.02500                                  DARK 
  CIRCLE     0.06000                                  DARK 
  CIRCLE     0.06500                                  DARK 
  RECTANGLE  0.05000     x 0.06299       0.000 NO     DARK 

     TOP created with warnings


================================================================
     PROCESSING FILM < BOTTOM >
     TO FILE < C:/Users/user/Desktop/EXEX/allegro/BOTTOM.art > ...
================================================================

  FILM PARAMETERS :
  ---------------------------------------------------------
  Undefined line width                0.000
  Mirror code                         NONE
  Rotate angle                        NONE
  Offset x:                           0.000
  Offset y:                           0.000
  Plot negative                       NO
  Suppress unconnected internal pads  NO
  Draw holes only                     NO



  APERTURES USED (UNIT = IN):
  ---------------------------------------------------------
  TYPE       SIZE/NAME                   ROT   MIRROR MODE 
  ---------------------------------------------------------
  CIRCLE     0.01213                                  DARK 
  CIRCLE     0.02500                                  DARK 
  CIRCLE     0.06000                                  DARK 
  CIRCLE     0.06500                                  DARK 

     BOTTOM created with warnings


================================================================
     PROCESSING FILM < SilkT >
     TO FILE < C:/Users/user/Desktop/EXEX/allegro/SilkT.art > ...
================================================================

  FILM PARAMETERS :
  ---------------------------------------------------------
  Undefined line width                0.200 MM
  Mirror code                         NONE
  Rotate angle                        NONE
  Offset x:                           0.000
  Offset y:                           0.000
  Plot negative                       NO
  Suppress unconnected internal pads  NO
  Draw holes only                     NO

    WARNING: text composed 0 width line found at (17.323 26.543) in MM
           ... using undefined line width of 0.200 MM

    WARNING: text having Multiple 0 width lines; all will be treated the same as the first.
           ... using undefined line width of 0.200 MM

    WARNING: 0 width line found at (38.735 29.210) in MM
           ... using undefined line width of 0.200 MM



  APERTURES USED (UNIT = IN):
  ---------------------------------------------------------
  TYPE       SIZE/NAME                   ROT   MIRROR MODE 
  ---------------------------------------------------------
  CIRCLE     0.00787                                  DARK 

     SilkT created with warnings


================================================================
     PROCESSING FILM < SilkB >
     TO FILE < C:/Users/user/Desktop/EXEX/allegro/SilkB.art > ...
================================================================

  FILM PARAMETERS :
  ---------------------------------------------------------
  Undefined line width                0.200 MM
  Mirror code                         NONE
  Rotate angle                        NONE
  Offset x:                           0.000
  Offset y:                           0.000
  Plot negative                       NO
  Suppress unconnected internal pads  NO
  Draw holes only                     NO



  APERTURES USED (UNIT = IN):
  ---------------------------------------------------------
  TYPE       SIZE/NAME                   ROT   MIRROR MODE 
  ---------------------------------------------------------
  CIRCLE     0.00787                                  DARK 

     SilkB created with warnings


================================================================
     PROCESSING FILM < SolderT >
     TO FILE < C:/Users/user/Desktop/EXEX/allegro/SolderT.art > ...
================================================================

  FILM PARAMETERS :
  ---------------------------------------------------------
  Undefined line width                0.000
  Mirror code                         NONE
  Rotate angle                        NONE
  Offset x:                           0.000
  Offset y:                           0.000
  Plot negative                       NO
  Suppress unconnected internal pads  NO
  Draw holes only                     NO



  APERTURES USED (UNIT = IN):
  ---------------------------------------------------------
  TYPE       SIZE/NAME                   ROT   MIRROR MODE 
  ---------------------------------------------------------
  CIRCLE     0.07500                                  DARK 
  CIRCLE     0.08000                                  DARK 
  CIRCLE     0.14500                                  DARK 
  RECTANGLE  0.05500     x 0.06799       0.000 NO     DARK 

     SolderT created with warnings


================================================================
     PROCESSING FILM < SolderB >
     TO FILE < C:/Users/user/Desktop/EXEX/allegro/SolderB.art > ...
================================================================

  FILM PARAMETERS :
  ---------------------------------------------------------
  Undefined line width                0.000
  Mirror code                         NONE
  Rotate angle                        NONE
  Offset x:                           0.000
  Offset y:                           0.000
  Plot negative                       NO
  Suppress unconnected internal pads  NO
  Draw holes only                     NO



  APERTURES USED (UNIT = IN):
  ---------------------------------------------------------
  TYPE       SIZE/NAME                   ROT   MIRROR MODE 
  ---------------------------------------------------------
  CIRCLE     0.07500                                  DARK 
  CIRCLE     0.08000                                  DARK 
  CIRCLE     0.14500                                  DARK 

     SolderB created with warnings


================================================================
     PROCESSING FILM < MetalT >
     TO FILE < C:/Users/user/Desktop/EXEX/allegro/MetalT.art > ...
================================================================

  FILM PARAMETERS :
  ---------------------------------------------------------
  Undefined line width                0.000
  Mirror code                         NONE
  Rotate angle                        NONE
  Offset x:                           0.000
  Offset y:                           0.000
  Plot negative                       NO
  Suppress unconnected internal pads  NO
  Draw holes only                     NO



  APERTURES USED:  NONE
     MetalT created with warnings


================================================================
     PROCESSING FILM < MetalB >
     TO FILE < C:/Users/user/Desktop/EXEX/allegro/MetalB.art > ...
================================================================

  FILM PARAMETERS :
  ---------------------------------------------------------
  Undefined line width                0.000
  Mirror code                         NONE
  Rotate angle                        NONE
  Offset x:                           0.000
  Offset y:                           0.000
  Plot negative                       NO
  Suppress unconnected internal pads  NO
  Draw holes only                     NO



  APERTURES USED:  NONE
     MetalB created with warnings


================================================================
     PROCESSING FILM < DrillDraw >
     TO FILE < C:/Users/user/Desktop/EXEX/allegro/DrillDraw.art > ...
================================================================

  FILM PARAMETERS :
  ---------------------------------------------------------
  Undefined line width                0.100 MM
  Mirror code                         NONE
  Rotate angle                        NONE
  Offset x:                           0.000
  Offset y:                           0.000
  Plot negative                       NO
  Suppress unconnected internal pads  NO
  Draw holes only                     NO

    WARNING: Multiple 0 width lines; all will be treated the same as the first.
           ... using undefined line width of 0.100 MM



  APERTURES USED (UNIT = IN):
  ---------------------------------------------------------
  TYPE       SIZE/NAME                   ROT   MIRROR MODE 
  ---------------------------------------------------------
  CIRCLE     0.00394                                  DARK 

     DrillDraw created with warnings


------------------------------------------------------
 SUMMARY:
        TOP created with warnings
        BOTTOM created with warnings
        SilkT created with warnings
        SilkB created with warnings
        SolderT created with warnings
        SolderB created with warnings
        MetalT created with warnings
        MetalB created with warnings
        DrillDraw created with warnings

 ARTWORK had warnings
